\BOOKMARK [0][-]{chapter.1}{\376\377\000I\000n\000t\000r\000o\000d\000u\000c\000t\000i\000o\000n}{}% 1
\BOOKMARK [1][-]{section.1.1}{\376\377\000M\000o\000t\000i\000v\000a\000t\000i\000o\000n}{chapter.1}% 2
\BOOKMARK [1][-]{section.1.2}{\376\377\000A\000i\000m\000s\000\040\000a\000n\000d\000\040\000O\000b\000j\000e\000c\000t\000i\000v\000e\000s}{chapter.1}% 3
\BOOKMARK [1][-]{section.1.3}{\376\377\000T\000y\000p\000i\000c\000a\000l\000\040\000U\000s\000e}{chapter.1}% 4
\BOOKMARK [1][-]{section.1.4}{\376\377\000D\000o\000c\000u\000m\000e\000n\000t\000\040\000C\000o\000n\000v\000e\000n\000t\000i\000o\000n\000s}{chapter.1}% 5
\BOOKMARK [1][-]{section.1.5}{\376\377\000S\000t\000r\000u\000c\000t\000u\000r\000e}{chapter.1}% 6
\BOOKMARK [0][-]{chapter.2}{\376\377\000L\000i\000t\000e\000r\000a\000t\000u\000r\000e\000\040\000R\000e\000v\000i\000e\000w}{}% 7
\BOOKMARK [1][-]{section.2.1}{\376\377\000G\000e\000n\000e\000r\000a\000l\000\040\000D\000a\000t\000a\000\040\000L\000e\000a\000k\000a\000g\000e}{chapter.2}% 8
\BOOKMARK [2][-]{subsection.2.1.1}{\376\377\000P\000e\000r\000s\000o\000n\000a\000l\000\040\000D\000a\000t\000a\000\040\000L\000e\000a\000k\000a\000g\000e}{section.2.1}% 9
\BOOKMARK [2][-]{subsection.2.1.2}{\376\377\000C\000o\000r\000p\000o\000r\000a\000t\000e\000\040\000D\000a\000t\000a\000\040\000L\000e\000a\000k\000a\000g\000e}{section.2.1}% 10
\BOOKMARK [1][-]{section.2.2}{\376\377\000D\000a\000t\000a\000\040\000L\000e\000a\000k\000a\000g\000e\000\040\000f\000r\000o\000m\000\040\000E\000-\000M\000a\000i\000l\000s}{chapter.2}% 11
\BOOKMARK [2][-]{subsection.2.2.1}{\376\377\000E\000-\000M\000a\000i\000l\000\040\000H\000e\000a\000d\000e\000r\000s}{section.2.2}% 12
\BOOKMARK [2][-]{subsection.2.2.2}{\376\377\000E\000x\000a\000m\000p\000l\000e\000\040\000H\000e\000a\000d\000e\000r\000\040\000a\000n\000d\000\040\000P\000e\000r\000t\000i\000n\000e\000n\000t\000\040\000D\000a\000t\000a}{section.2.2}% 13
\BOOKMARK [2][-]{subsection.2.2.3}{\376\377\000E\000x\000i\000s\000t\000i\000n\000g\000\040\000R\000e\000s\000e\000a\000r\000c\000h}{section.2.2}% 14
\BOOKMARK [1][-]{section.2.3}{\376\377\000E\000x\000i\000s\000t\000i\000n\000g\000\040\000T\000o\000o\000l\000s}{chapter.2}% 15
\BOOKMARK [2][-]{subsection.2.3.1}{\376\377\000G\000o\000o\000g\000l\000e}{section.2.3}% 16
\BOOKMARK [2][-]{subsection.2.3.2}{\376\377\000M\000i\000c\000r\000o\000s\000o\000f\000t}{section.2.3}% 17
\BOOKMARK [1][-]{section.2.4}{\376\377\000V\000u\000l\000n\000e\000r\000a\000b\000i\000l\000i\000t\000i\000e\000s}{chapter.2}% 18
\BOOKMARK [2][-]{subsection.2.4.1}{\376\377\000C\000V\000E\000\040\000M\000i\000t\000r\000e\000\040\000L\000o\000o\000k\000u\000p}{section.2.4}% 19
\BOOKMARK [2][-]{subsection.2.4.2}{\376\377\000N\000o\000r\000t\000o\000n\000\040\000V\000u\000l\000n\000e\000r\000a\000b\000i\000l\000i\000t\000y\000\040\000P\000r\000o\000t\000e\000c\000t\000i\000o\000n}{section.2.4}% 20
\BOOKMARK [1][-]{section.2.5}{\376\377\000O\000v\000e\000r\000v\000i\000e\000w}{chapter.2}% 21
\BOOKMARK [0][-]{chapter.3}{\376\377\000I\000m\000p\000l\000e\000m\000e\000n\000t\000a\000t\000i\000o\000n}{}% 22
\BOOKMARK [1][-]{section.3.1}{\376\377\000O\000v\000e\000r\000v\000i\000e\000w}{chapter.3}% 23
\BOOKMARK [1][-]{section.3.2}{\376\377\000D\000e\000f\000i\000n\000i\000t\000i\000o\000n\000s}{chapter.3}% 24
\BOOKMARK [2][-]{subsection.3.2.1}{\376\377\000P\000a\000r\000s\000i\000n\000g}{section.3.2}% 25
\BOOKMARK [2][-]{subsection.3.2.2}{\376\377\000D\000a\000t\000a\000b\000a\000s\000e\000\040\000Q\000u\000e\000r\000i\000e\000s}{section.3.2}% 26
\BOOKMARK [1][-]{section.3.3}{\376\377\000D\000a\000t\000a\000\040\000E\000x\000t\000r\000a\000c\000t\000i\000o\000n\000\040\000a\000n\000d\000\040\000P\000a\000r\000s\000i\000n\000g}{chapter.3}% 27
\BOOKMARK [2][-]{subsection.3.3.1}{\376\377\000R\000e\000c\000e\000i\000v\000e\000d\000\040\000f\000i\000e\000l\000d\000s}{section.3.3}% 28
\BOOKMARK [2][-]{subsection.3.3.2}{\376\377\000O\000t\000h\000e\000r\000\040\000f\000i\000e\000l\000d\000s}{section.3.3}% 29
\BOOKMARK [1][-]{section.3.4}{\376\377\000A\000n\000a\000l\000y\000s\000i\000s}{chapter.3}% 30
\BOOKMARK [2][-]{subsection.3.4.1}{\376\377\000T\000e\000x\000t\000-\000B\000a\000s\000e\000d}{section.3.4}% 31
\BOOKMARK [2][-]{subsection.3.4.2}{\376\377\000D\000a\000t\000a\000b\000a\000s\000e\000\040\000Q\000u\000e\000r\000i\000e\000s}{section.3.4}% 32
\BOOKMARK [1][-]{section.3.5}{\376\377\000V\000i\000s\000u\000a\000l\000i\000s\000i\000n\000g\000\040\000t\000h\000e\000\040\000R\000e\000s\000u\000l\000t\000s}{chapter.3}% 33
\BOOKMARK [0][-]{chapter.4}{\376\377\000E\000v\000a\000l\000u\000a\000t\000i\000o\000n}{}% 34
\BOOKMARK [1][-]{section.4.1}{\376\377\000M\000e\000t\000h\000o\000d\000o\000l\000o\000g\000y}{chapter.4}% 35
\BOOKMARK [1][-]{section.4.2}{\376\377\000R\000e\000s\000u\000l\000t\000s}{chapter.4}% 36
\BOOKMARK [0][-]{chapter.5}{\376\377\000C\000o\000n\000c\000l\000u\000s\000i\000o\000n\000s\000\040\000a\000n\000d\000\040\000F\000u\000t\000u\000r\000e\000\040\000W\000o\000r\000k}{}% 37
\BOOKMARK [1][-]{section.5.1}{\376\377\000C\000o\000n\000c\000l\000u\000s\000i\000o\000n\000s}{chapter.5}% 38
\BOOKMARK [1][-]{section.5.2}{\376\377\000F\000u\000t\000u\000r\000e\000\040\000W\000o\000r\000k}{chapter.5}% 39
